C:\Program Files\Microsoft Visual Studio\18\Community\MSBuild\Microsoft\VC\v180\Microsoft.CppBuild.targets(548,5): warning MSB8028: El directorio intermedio (x64\Release\) contiene archivos compartidos de otro proyecto (P01-317189953.vcxproj). Esto puede dar lugar a un comportamiento incorrecto de limpieza y recompilación.
  Mesh.cpp
  P02-317189953.cpp
C:\Users\sakur\Downloads\opengl 3.3 y dos main\Window.h(12,36): warning C4244: 'return': conversión de 'GLint' a 'GLfloat'; posible pérdida de datos
  (compilando archivo de origen "../../../../Downloads/opengl%203.3%20y%20dos%20main/P02-317189953.cpp")
  
C:\Users\sakur\Downloads\opengl 3.3 y dos main\Window.h(13,37): warning C4244: 'return': conversión de 'GLint' a 'GLfloat'; posible pérdida de datos
  (compilando archivo de origen "../../../../Downloads/opengl%203.3%20y%20dos%20main/P02-317189953.cpp")
  
C:\Users\sakur\Downloads\opengl 3.3 y dos main\P02-317189953.cpp(17,37): warning C4305: 'inicializando': truncamiento de 'double' a 'float'
  Shader.cpp
C:\Users\sakur\Downloads\opengl 3.3 y dos main\Shader.cpp(121,24): warning C4267: '=': conversión de 'size_t' a 'GLint'; posible pérdida de datos
  Window.cpp
C:\Users\sakur\Downloads\opengl 3.3 y dos main\Window.h(12,36): warning C4244: 'return': conversión de 'GLint' a 'GLfloat'; posible pérdida de datos
  (compilando archivo de origen "../../../../Downloads/opengl%203.3%20y%20dos%20main/Window.cpp")
  
C:\Users\sakur\Downloads\opengl 3.3 y dos main\Window.h(13,37): warning C4244: 'return': conversión de 'GLint' a 'GLfloat'; posible pérdida de datos
  (compilando archivo de origen "../../../../Downloads/opengl%203.3%20y%20dos%20main/Window.cpp")
  
  Generando código
  Previous IPDB not found, fall back to full compilation.
C:\Users\sakur\Downloads\opengl 3.3 y dos main\Window.cpp(74): warning C4715: 'Window::Initialise': no todas las rutas de acceso de control devuelven un valor
  All 385 functions were compiled because no usable IPDB/IOBJ from previous compilation was found.
  Generación de código finalizada
  practica1.vcxproj -> C:\Users\sakur\source\repos\practica1\x64\Release\P02-317189953.exe
