C:\Program Files\Microsoft Visual Studio\18\Community\MSBuild\Microsoft\VC\v180\Microsoft.CppBuild.targets(551,5): warning MSB8028: El directorio intermedio (x64\Release\) contiene archivos compartidos de otro proyecto (P06-317189953.vcxproj). Esto puede dar lugar a un comportamiento incorrecto de limpieza y recompilación.
  P07-317189953.cpp
C:\Users\sakur\source\repos\practica4\P07-317189953\P07-317189953\Window.h(12,36): warning C4244: 'return': conversión de 'GLint' a 'GLfloat'; posible pérdida de datos
  (compilando archivo de origen "P07-317189953.cpp")
  
C:\Users\sakur\source\repos\practica4\P07-317189953\P07-317189953\Window.h(13,37): warning C4244: 'return': conversión de 'GLint' a 'GLfloat'; posible pérdida de datos
  (compilando archivo de origen "P07-317189953.cpp")
  
C:\Users\sakur\source\repos\practica4\P07-317189953\P07-317189953\P07-317189953.cpp(102,24): warning C4267: 'inicializando': conversión de 'size_t' a 'unsigned int'; posible pérdida de datos
C:\Users\sakur\source\repos\practica4\P07-317189953\P07-317189953\P07-317189953.cpp(379,15): warning C4244: 'inicializando': conversión de 'double' a 'GLfloat'; posible pérdida de datos
C:\Users\sakur\source\repos\practica4\P07-317189953\P07-317189953\P07-317189953.cpp(381,33): warning C4244: '+=': conversión de 'double' a 'GLfloat'; posible pérdida de datos
  Window.cpp
C:\Users\sakur\source\repos\practica4\P07-317189953\P07-317189953\Window.h(12,36): warning C4244: 'return': conversión de 'GLint' a 'GLfloat'; posible pérdida de datos
  (compilando archivo de origen "Window.cpp")
  
C:\Users\sakur\source\repos\practica4\P07-317189953\P07-317189953\Window.h(13,37): warning C4244: 'return': conversión de 'GLint' a 'GLfloat'; posible pérdida de datos
  (compilando archivo de origen "Window.cpp")
  
C:\Users\sakur\source\repos\practica4\P07-317189953\P07-317189953\Window.cpp(159,22): warning C4244: '=': conversión de 'double' a 'GLfloat'; posible pérdida de datos
C:\Users\sakur\source\repos\practica4\P07-317189953\P07-317189953\Window.cpp(160,22): warning C4244: '=': conversión de 'double' a 'GLfloat'; posible pérdida de datos
C:\Users\sakur\source\repos\practica4\P07-317189953\P07-317189953\Window.cpp(164,28): warning C4244: '=': conversión de 'double' a 'GLfloat'; posible pérdida de datos
C:\Users\sakur\source\repos\practica4\P07-317189953\P07-317189953\Window.cpp(165,40): warning C4244: '=': conversión de 'double' a 'GLfloat'; posible pérdida de datos
C:\Users\sakur\source\repos\practica4\P07-317189953\P07-317189953\Window.cpp(167,21): warning C4244: '=': conversión de 'double' a 'GLfloat'; posible pérdida de datos
C:\Users\sakur\source\repos\practica4\P07-317189953\P07-317189953\Window.cpp(168,21): warning C4244: '=': conversión de 'double' a 'GLfloat'; posible pérdida de datos
  Generando código
  Previous IPDB and IOBJ mismatch, fall back to full compilation.
C:\Users\sakur\source\repos\practica4\P07-317189953\P07-317189953\Window.cpp(77): warning C4715: 'Window::Initialise': no todas las rutas de acceso de control devuelven un valor
  All 1126 functions were compiled because no usable IPDB/IOBJ from previous compilation was found.
  Generación de código finalizada
  P07-317189953.vcxproj -> C:\Users\sakur\source\repos\practica4\P07-317189953\x64\Release\P07-317189953.exe
