C:\Program Files\Microsoft Visual Studio\18\Community\MSBuild\Microsoft\VC\v180\Microsoft.CppBuild.targets(551,5): warning MSB8028: El directorio intermedio (x64\Debug\) contiene archivos compartidos de otro proyecto (P06-317189953.vcxproj, P07-317189953.vcxproj). Esto puede dar lugar a un comportamiento incorrecto de limpieza y recompilación.
  P08-317189953.cpp
C:\Users\sakur\source\repos\practica4\P08-317189953\P08-317189953\Window.h(12,36): warning C4244: 'return': conversión de 'GLint' a 'GLfloat'; posible pérdida de datos
  (compilando archivo de origen "P08-317189953.cpp")
  
C:\Users\sakur\source\repos\practica4\P08-317189953\P08-317189953\Window.h(13,37): warning C4244: 'return': conversión de 'GLint' a 'GLfloat'; posible pérdida de datos
  (compilando archivo de origen "P08-317189953.cpp")
  
C:\Users\sakur\source\repos\practica4\P08-317189953\P08-317189953\P08-317189953.cpp(107,24): warning C4267: 'inicializando': conversión de 'size_t' a 'unsigned int'; posible pérdida de datos
C:\Users\sakur\source\repos\practica4\P08-317189953\P08-317189953\P08-317189953.cpp(468,14): warning C4244: 'inicializando': conversión de 'double' a 'GLfloat'; posible pérdida de datos
C:\Users\sakur\source\repos\practica4\P08-317189953\P08-317189953\P08-317189953.cpp(484,20): warning C4244: '=': conversión de 'double' a 'GLfloat'; posible pérdida de datos
C:\Users\sakur\source\repos\practica4\P08-317189953\P08-317189953\P08-317189953.cpp(486,33): warning C4244: '+=': conversión de 'double' a 'GLfloat'; posible pérdida de datos
  Window.cpp
C:\Users\sakur\source\repos\practica4\P08-317189953\P08-317189953\Window.h(12,36): warning C4244: 'return': conversión de 'GLint' a 'GLfloat'; posible pérdida de datos
  (compilando archivo de origen "Window.cpp")
  
C:\Users\sakur\source\repos\practica4\P08-317189953\P08-317189953\Window.h(13,37): warning C4244: 'return': conversión de 'GLint' a 'GLfloat'; posible pérdida de datos
  (compilando archivo de origen "Window.cpp")
  
C:\Users\sakur\source\repos\practica4\P08-317189953\P08-317189953\Window.cpp(286,22): warning C4244: '=': conversión de 'double' a 'GLfloat'; posible pérdida de datos
C:\Users\sakur\source\repos\practica4\P08-317189953\P08-317189953\Window.cpp(287,22): warning C4244: '=': conversión de 'double' a 'GLfloat'; posible pérdida de datos
C:\Users\sakur\source\repos\practica4\P08-317189953\P08-317189953\Window.cpp(291,28): warning C4244: '=': conversión de 'double' a 'GLfloat'; posible pérdida de datos
C:\Users\sakur\source\repos\practica4\P08-317189953\P08-317189953\Window.cpp(292,40): warning C4244: '=': conversión de 'double' a 'GLfloat'; posible pérdida de datos
C:\Users\sakur\source\repos\practica4\P08-317189953\P08-317189953\Window.cpp(294,21): warning C4244: '=': conversión de 'double' a 'GLfloat'; posible pérdida de datos
C:\Users\sakur\source\repos\practica4\P08-317189953\P08-317189953\Window.cpp(295,21): warning C4244: '=': conversión de 'double' a 'GLfloat'; posible pérdida de datos
  Generando código...
C:\Users\sakur\source\repos\practica4\P08-317189953\P08-317189953\Window.cpp(89,1): warning C4715: 'Window::Initialise': no todas las rutas de acceso de control devuelven un valor
LINK : warning LNK4098: la biblioteca predeterminada'MSVCRT' entra en conflicto con otras bibliotecas; use la biblioteca /NODEFAULTLIB:biblioteca
  P08-317189953.vcxproj -> C:\Users\sakur\source\repos\practica4\P08-317189953\x64\Debug\P08-317189953.exe
